<?xml version="1.0" encoding="UTF-8"?>
<robot generator="Robot 4.1.3 (Python 3.10.2 on win32)" generated="20220125 01:27:05.921" rpa="false" schemaversion="2">
<suite id="s1" name="TesteAPI" source="C:\Users\thigo\Documents\Teste\API\TesteAPI.robot">
<kw name="Conectar API" library="ResourceAPI" type="SETUP">
<kw name="Create Session" library="RequestsLibrary">
<arg>APIWeb</arg>
<arg>${URL_API}</arg>
<doc>Create Session: create a HTTP session to a server</doc>
<msg timestamp="20220125 01:27:06.012" level="INFO">Creating Session using : alias=APIWeb, url=https://desafioonline.webmotors.com.br/api/, headers={},                     cookies={}, auth=None, timeout=None, proxies=None, verify=False,                     debug=0 </msg>
<status status="PASS" starttime="20220125 01:27:06.011" endtime="20220125 01:27:06.012"/>
</kw>
<status status="PASS" starttime="20220125 01:27:06.011" endtime="20220125 01:27:06.013"/>
</kw>
<test id="s1-t1" name="recuperar marcas cadastradas na webmotors">
<kw name="Requisitar todas as marcas" library="ResourceAPI">
<kw name="Get Request" library="RequestsLibrary">
<var>${MARCAS}</var>
<arg>APIWeb</arg>
<arg>OnlineChallenge/Make</arg>
<doc>Send a GET request on the session object found using the
given `alias`</doc>
<msg timestamp="20220125 01:27:06.684" level="INFO">GET Request : url=https://desafioonline.webmotors.com.br/api//OnlineChallenge/Make 
 path_url=/api//OnlineChallenge/Make 
 headers={'User-Agent': 'python-requests/2.27.1', 'Accept-Encoding': 'gzip, deflate', 'Accept': '*/*', 'Connection': 'keep-alive'} 
 body=None 
 </msg>
<msg timestamp="20220125 01:27:06.684" level="INFO">GET Response : url=https://desafioonline.webmotors.com.br/api//OnlineChallenge/Make 
 status=200, reason=OK 
 body=[{"ID":1,"Name":"Chevrolet"},{"ID":2,"Name":"Honda"},{"ID":3,"Name":"Ford"}] 
 </msg>
<msg timestamp="20220125 01:27:06.684" level="INFO">C:\Users\thigo\AppData\Local\Programs\Python\Python310\lib\site-packages\urllib3\connectionpool.py:1043: InsecureRequestWarning: Unverified HTTPS request is being made to host 'desafioonline.webmotors.com.br'. Adding certificate verification is strongly advised. See: https://urllib3.readthedocs.io/en/1.26.x/advanced-usage.html#ssl-warnings
  warnings.warn(</msg>
<msg timestamp="20220125 01:27:06.686" level="INFO">${MARCAS} = &lt;Response [200]&gt;</msg>
<status status="PASS" starttime="20220125 01:27:06.014" endtime="20220125 01:27:06.686"/>
</kw>
<kw name="Log" library="BuiltIn">
<arg>${MARCAS.text}</arg>
<doc>Logs the given message with the given level.</doc>
<msg timestamp="20220125 01:27:06.688" level="INFO">[{"ID":1,"Name":"Chevrolet"},{"ID":2,"Name":"Honda"},{"ID":3,"Name":"Ford"}]</msg>
<status status="PASS" starttime="20220125 01:27:06.687" endtime="20220125 01:27:06.688"/>
</kw>
<kw name="Set Test Variable" library="BuiltIn">
<arg>${MARCAS}</arg>
<doc>Makes a variable available everywhere within the scope of the current test.</doc>
<msg timestamp="20220125 01:27:06.688" level="INFO">${MARCAS} = &lt;Response [200]&gt;</msg>
<status status="PASS" starttime="20220125 01:27:06.688" endtime="20220125 01:27:06.688"/>
</kw>
<status status="PASS" starttime="20220125 01:27:06.013" endtime="20220125 01:27:06.688"/>
</kw>
<kw name="Conferir o status code" library="ResourceAPI">
<arg>200</arg>
<kw name="Should Be Equal As Strings" library="BuiltIn">
<arg>${MARCAS.status_code}</arg>
<arg>${STATUS_MARCAS}</arg>
<doc>Fails if objects are unequal after converting them to strings.</doc>
<msg timestamp="20220125 01:27:06.690" level="INFO">Argument types are:
&lt;class 'int'&gt;
&lt;type 'unicode'&gt;</msg>
<status status="PASS" starttime="20220125 01:27:06.689" endtime="20220125 01:27:06.690"/>
</kw>
<status status="PASS" starttime="20220125 01:27:06.689" endtime="20220125 01:27:06.690"/>
</kw>
<kw name="Conferir o reason" library="ResourceAPI">
<arg>OK</arg>
<kw name="Should Be Equal As Strings" library="BuiltIn">
<arg>${MARCAS.reason}</arg>
<arg>${REASON_MARCAS}</arg>
<doc>Fails if objects are unequal after converting them to strings.</doc>
<status status="PASS" starttime="20220125 01:27:06.691" endtime="20220125 01:27:06.691"/>
</kw>
<status status="PASS" starttime="20220125 01:27:06.691" endtime="20220125 01:27:06.691"/>
</kw>
<kw name="Conferir as marcas" library="ResourceAPI">
<kw name="Length Should Be" library="BuiltIn">
<arg>${MARCAS.json()}</arg>
<arg>3</arg>
<doc>Verifies that the length of the given item is correct.</doc>
<msg timestamp="20220125 01:27:06.693" level="INFO">Length is 3</msg>
<status status="PASS" starttime="20220125 01:27:06.692" endtime="20220125 01:27:06.693"/>
</kw>
<status status="PASS" starttime="20220125 01:27:06.692" endtime="20220125 01:27:06.693"/>
</kw>
<status status="PASS" starttime="20220125 01:27:06.013" endtime="20220125 01:27:06.693"/>
</test>
<test id="s1-t2" name="recuperar modelos cadastradas na webmotors">
<kw name="Requisitar modelos &quot;2&quot;" library="ResourceAPI" sourcename="Requisitar modelos &quot;${ID}&quot;">
<kw name="Get Request" library="RequestsLibrary">
<var>${MODELOS}</var>
<arg>APIWeb</arg>
<arg>OnlineChallenge/Model?MakeID=${ID}</arg>
<doc>Send a GET request on the session object found using the
given `alias`</doc>
<msg timestamp="20220125 01:27:06.857" level="INFO">GET Request : url=https://desafioonline.webmotors.com.br/api//OnlineChallenge/Model?MakeID=2 
 path_url=/api//OnlineChallenge/Model?MakeID=2 
 headers={'User-Agent': 'python-requests/2.27.1', 'Accept-Encoding': 'gzip, deflate', 'Accept': '*/*', 'Connection': 'keep-alive'} 
 body=None 
 </msg>
<msg timestamp="20220125 01:27:06.857" level="INFO">GET Response : url=https://desafioonline.webmotors.com.br/api//OnlineChallenge/Model?MakeID=2 
 status=200, reason=OK 
 body=[{"MakeID":2,"ID":4,"Name":"City"},{"MakeID":2,"ID":5,"Name":"CRV"},{"MakeID":2,"ID":6,"Name":"Fit"}] 
 </msg>
<msg timestamp="20220125 01:27:06.857" level="INFO">C:\Users\thigo\AppData\Local\Programs\Python\Python310\lib\site-packages\urllib3\connectionpool.py:1043: InsecureRequestWarning: Unverified HTTPS request is being made to host 'desafioonline.webmotors.com.br'. Adding certificate verification is strongly advised. See: https://urllib3.readthedocs.io/en/1.26.x/advanced-usage.html#ssl-warnings
  warnings.warn(</msg>
<msg timestamp="20220125 01:27:06.859" level="INFO">${MODELOS} = &lt;Response [200]&gt;</msg>
<status status="PASS" starttime="20220125 01:27:06.696" endtime="20220125 01:27:06.859"/>
</kw>
<kw name="Log" library="BuiltIn">
<arg>${MODELOS.text}</arg>
<doc>Logs the given message with the given level.</doc>
<msg timestamp="20220125 01:27:06.861" level="INFO">[{"MakeID":2,"ID":4,"Name":"City"},{"MakeID":2,"ID":5,"Name":"CRV"},{"MakeID":2,"ID":6,"Name":"Fit"}]</msg>
<status status="PASS" starttime="20220125 01:27:06.859" endtime="20220125 01:27:06.861"/>
</kw>
<kw name="Set Test Variable" library="BuiltIn">
<arg>${MODELOS}</arg>
<doc>Makes a variable available everywhere within the scope of the current test.</doc>
<msg timestamp="20220125 01:27:06.861" level="INFO">${MODELOS} = &lt;Response [200]&gt;</msg>
<status status="PASS" starttime="20220125 01:27:06.861" endtime="20220125 01:27:06.861"/>
</kw>
<status status="PASS" starttime="20220125 01:27:06.696" endtime="20220125 01:27:06.862"/>
</kw>
<kw name="Conferir o status code modelos" library="ResourceAPI">
<arg>200</arg>
<kw name="Should Be Equal As Strings" library="BuiltIn">
<arg>${MODELOS.status_code}</arg>
<arg>${STATUS_MODELOS}</arg>
<doc>Fails if objects are unequal after converting them to strings.</doc>
<msg timestamp="20220125 01:27:06.864" level="INFO">Argument types are:
&lt;class 'int'&gt;
&lt;type 'unicode'&gt;</msg>
<status status="PASS" starttime="20220125 01:27:06.863" endtime="20220125 01:27:06.864"/>
</kw>
<status status="PASS" starttime="20220125 01:27:06.863" endtime="20220125 01:27:06.864"/>
</kw>
<kw name="Conferir o reason modelos" library="ResourceAPI">
<arg>OK</arg>
<kw name="Should Be Equal As Strings" library="BuiltIn">
<arg>${MODELOS.reason}</arg>
<arg>${REASON_MODELOS}}</arg>
<doc>Fails if objects are unequal after converting them to strings.</doc>
<msg timestamp="20220125 01:27:06.866" level="FAIL">OK != OK}</msg>
<status status="FAIL" starttime="20220125 01:27:06.865" endtime="20220125 01:27:06.866"/>
</kw>
<status status="FAIL" starttime="20220125 01:27:06.865" endtime="20220125 01:27:06.867"/>
</kw>
<status status="FAIL" starttime="20220125 01:27:06.695" endtime="20220125 01:27:06.867">OK != OK}</status>
</test>
<doc>Documentação da API: https://desafioonline.webmotors.com.br/swagger/ui/index#!/OnlineChallenge</doc>
<status status="FAIL" starttime="20220125 01:27:05.923" endtime="20220125 01:27:06.870"/>
</suite>
<statistics>
<total>
<stat pass="1" fail="1" skip="0">All Tests</stat>
</total>
<tag>
</tag>
<suite>
<stat pass="1" fail="1" skip="0" id="s1" name="TesteAPI">TesteAPI</stat>
</suite>
</statistics>
<errors>
</errors>
</robot>
